<?xml version="1.0" encoding="UTF-8"?>
<!-- Generated by org.testng.reporters.JUnitReportReporter -->
<testsuite hostname="DESKTOP-QGANAAK" failures="0" tests="1" name="com.soft.pages.FirstPageTest" time="19.219" errors="0" timestamp="2021-01-18T19:44:18 EST" skipped="0">
  <testcase classname="com.soft.pages.FirstPageTest" name="searchGoolgeTest" time="19.219"/>
  <system-out/>
</testsuite> <!-- com.soft.pages.FirstPageTest -->
